<?xml version="1.0" encoding="UTF-8"?>
<testng-results skipped="0" failed="0" total="3" passed="3">
  <reporter-output>
  </reporter-output>
  <suite name="Testcaihong" duration-ms="16571" started-at="2017-03-28T07:45:15Z" finished-at="2017-03-28T07:45:32Z">
    <groups>
    </groups>
    <test name="Default test" duration-ms="16571" started-at="2017-03-28T07:45:15Z" finished-at="2017-03-28T07:45:32Z">
      <class name="testcase.wrongPorN">
        <test-method status="PASS" signature="startfirefox(java.lang.String, java.lang.String)[pri:0, instance:testcase.wrongPorN@4883b407]" name="startfirefox" is-config="true" duration-ms="5771" started-at="2017-03-28T15:45:15Z" finished-at="2017-03-28T15:45:21Z">
          <params>
            <param index="0">
              <value>
                <![CDATA[/Tools/test.properties]]>
              </value>
            </param>
            <param index="1">
              <value>
                <![CDATA[/Tools/locators.properties]]>
              </value>
            </param>
          </params>
          <reporter-output>
          </reporter-output>
        </test-method> <!-- startfirefox -->
        <test-method status="PASS" signature="logInwpwd()[pri:0, instance:testcase.wrongPorN@4883b407]" name="logInwpwd" duration-ms="4331" started-at="2017-03-28T15:45:21Z" finished-at="2017-03-28T15:45:26Z">
          <reporter-output>
          </reporter-output>
        </test-method> <!-- logInwpwd -->
        <test-method status="PASS" signature="logInwusn()[pri:0, instance:testcase.wrongPorN@4883b407]" name="logInwusn" duration-ms="3241" started-at="2017-03-28T15:45:26Z" finished-at="2017-03-28T15:45:29Z">
          <reporter-output>
          </reporter-output>
        </test-method> <!-- logInwusn -->
        <test-method status="PASS" signature="logInNoUsn()[pri:0, instance:testcase.wrongPorN@4883b407]" name="logInNoUsn" duration-ms="3208" started-at="2017-03-28T15:45:29Z" finished-at="2017-03-28T15:45:32Z">
          <reporter-output>
          </reporter-output>
        </test-method> <!-- logInNoUsn -->
      </class> <!-- testcase.wrongPorN -->
    </test> <!-- Default test -->
  </suite> <!-- Testcaihong -->
</testng-results>
