<?xml version="1.0" encoding="UTF-8"?>
<testng-results skipped="0" failed="0" total="3" passed="3">
  <reporter-output>
  </reporter-output>
  <suite name="Default suite" duration-ms="56234" started-at="2017-03-28T02:27:42Z" finished-at="2017-03-28T02:28:38Z">
    <groups>
    </groups>
    <test name="Default test" duration-ms="56234" started-at="2017-03-28T02:27:42Z" finished-at="2017-03-28T02:28:38Z">
      <class name="testcase.loginCaihong">
        <test-method status="PASS" signature="openFirefox()[pri:0, instance:testcase.loginCaihong@5fe94a96]" name="openFirefox" is-config="true" duration-ms="5964" started-at="2017-03-28T10:27:42Z" finished-at="2017-03-28T10:27:48Z">
          <reporter-output>
          </reporter-output>
        </test-method> <!-- openFirefox -->
        <test-method status="PASS" signature="Login()[pri:0, instance:testcase.loginCaihong@5fe94a96]" name="Login" duration-ms="6264" started-at="2017-03-28T10:27:48Z" finished-at="2017-03-28T10:27:54Z">
          <reporter-output>
          </reporter-output>
        </test-method> <!-- Login -->
        <test-method status="PASS" signature="pdcManage()[pri:0, instance:testcase.loginCaihong@5fe94a96]" name="pdcManage" duration-ms="11498" started-at="2017-03-28T10:27:54Z" depends-on-methods="testcase.loginCaihong.Login" finished-at="2017-03-28T10:28:06Z">
          <reporter-output>
          </reporter-output>
        </test-method> <!-- pdcManage -->
        <test-method status="PASS" signature="newPlan()[pri:0, instance:testcase.loginCaihong@5fe94a96]" name="newPlan" duration-ms="31668" started-at="2017-03-28T10:28:06Z" depends-on-methods="testcase.loginCaihong.pdcManage" finished-at="2017-03-28T10:28:38Z">
          <reporter-output>
          </reporter-output>
        </test-method> <!-- newPlan -->
        <test-method status="PASS" signature="release()[pri:0, instance:testcase.loginCaihong@5fe94a96]" name="release" is-config="true" duration-ms="816" started-at="2017-03-28T10:28:38Z" finished-at="2017-03-28T10:28:38Z">
          <reporter-output>
          </reporter-output>
        </test-method> <!-- release -->
      </class> <!-- testcase.loginCaihong -->
    </test> <!-- Default test -->
  </suite> <!-- Default suite -->
</testng-results>
